<?xml version="1.0" encoding="UTF-8"?>
<!-- Generated by org.testng.reporters.JUnitXMLReporter -->
<testsuite hostname="VIDYASAGARV3FC1" name="Command line test" tests="3" failures="0" timestamp="17 Nov 2018 14:01:39 GMT" time="4.451" errors="0">
  <testcase name="test_GetRandomUser_Email" time="3.469" classname="com.service.TestRestServices"/>
  <testcase name="test_Validate_Get_PostUserIds" time="0.354" classname="com.service.TestRestServices"/>
  <testcase name="test_Validate_Post_NonEmpty_Body" time="0.611" classname="com.service.TestRestServices"/>
</testsuite> <!-- Command line test -->
