<?xml version="1.0" encoding="UTF-8"?>
<!-- Generated by org.testng.reporters.JUnitXMLReporter -->
<testsuite hostname="VIDYASAGARV3FC1" name="Default test" tests="3" failures="0" timestamp="17 Nov 2018 14:31:09 GMT" time="3.872" errors="0">
  <testcase name="test_GetRandomUser_Email" time="3.12" classname="com.service.TestRestServices"/>
  <testcase name="test_Validate_Get_PostUserIds" time="0.17" classname="com.service.TestRestServices"/>
  <testcase name="test_Validate_Post_NonEmpty_Body" time="0.56" classname="com.service.TestRestServices"/>
</testsuite> <!-- Default test -->
